<?xml version="1.0" encoding="UTF-8"?>

<mule xmlns="http://www.mulesoft.org/schema/mule/core" xmlns:doc="http://www.mulesoft.org/schema/mule/documentation" xmlns:munit="http://www.mulesoft.org/schema/mule/munit" xmlns:spring="http://www.springframework.org/schema/beans" xmlns:core="http://www.mulesoft.org/schema/mule/core" xmlns:xsi="http://www.w3.org/2001/XMLSchema-instance" xsi:schemaLocation="http://www.mulesoft.org/schema/mule/munit http://www.mulesoft.org/schema/mule/munit/current/mule-munit.xsd
http://www.springframework.org/schema/beans http://www.springframework.org/schema/beans/spring-beans-current.xsd
http://www.mulesoft.org/schema/mule/core http://www.mulesoft.org/schema/mule/core/current/mule.xsd">
    <munit:config name="munit" doc:name="MUnit configuration"/>
    <spring:beans>
        <spring:import resource="classpath:test-laboratory.xml"/>
    </spring:beans>
    <munit:test name="AssertPayloadValue" description="Test">
        <flow-ref name="SimplePayloadFlow" doc:name="Flow-ref to mavenjenkinsFlow"/>
        <logger level="INFO" doc:name="Logger"/>
        <munit:assert-true condition="#[payload == 'New payload' ]" doc:name="Assert True"/>
        <logger level="INFO" doc:name="Logger"/>
    </munit:test>
    <munit:test name="HelloWorldFlowTest" description="Test">
        <munit:set payload="#[]" doc:name="Set Message"/>
        <flow-ref name="SimpleVariableFlow" doc:name="HelloWorldFlow"/>
        <munit:assert-true condition="#[flowVars.firstVariable == 'Hello world!']" doc:name="Assert True"/>
    </munit:test>
</mule>
